***********************************************************************
*
*	DYNAMIC LINK AND INDIRECT ALLOCATION LISTING FOR: M172-PLC
*
***********************************************************************


***************************************************
	 FIRST CODE AREA
***************************************************

***************************************************
	 DATABLOCK PATCHES
***************************************************
*
* List of data blocks that will be checked run-time for consistency with
* their definition available at compile-time
*
*
*	REQUIREMENTS for DATA BLOCK %M101
*		Process image: 0
*		Number of elements: 5000
*		Data size (bytes): 2
0000	00 00 65 00 88 13 00 00 02 00 00 00 

*
*	REQUIREMENTS for DATA BLOCK %Q1
*		Process image: 0
*		Number of elements: 6
*		Data size (bytes): 1
000C	00 02 01 00 06 00 00 00 01 00 00 00 

*
*	REQUIREMENTS for DATA BLOCK %I1
*		Process image: 1
*		Number of elements: 8
*		Data size (bytes): 2
0018	01 01 01 00 08 00 00 00 02 00 00 00 

*
*	REQUIREMENTS for DATA BLOCK %M100
*		Process image: 0
*		Number of elements: 416
*		Data size (bytes): 2
0024	00 00 64 00 A0 01 00 00 02 00 00 00 

*
*	REQUIREMENTS for DATA BLOCK %M110
*		Process image: 0
*		Number of elements: 5000
*		Data size (bytes): 2
0030	00 00 6E 00 88 13 00 00 02 00 00 00 

*
*	REQUIREMENTS for DATA BLOCK %M0
*		Process image: 0
*		Number of elements: 1
*		Data size (bytes): 4
003C	00 00 00 00 01 00 00 00 04 00 00 00 

*
*	REQUIREMENTS for DATA BLOCK %I0
*		Process image: 1
*		Number of elements: 2
*		Data size (bytes): 1
0048	01 01 00 00 02 00 00 00 01 00 00 00 

*
* List of all references to data allocated on data blocks
* along with the whole information required by the run-time linker
*
*
*	1 REFERENCE(S) TO 8-BIT VAR AT BYTE #0 OF DATA BLOCK %Q1
0000	00 00 01 00 00 00 00 00 02 01 01 00 

*		Instruction type: 0x00
*		Code offset: 0x00004538
000C	38 45 00 00 

*
*	1 REFERENCE(S) TO 16-BIT VAR AT BYTE #386 OF DATA BLOCK %M100
0010	00 00 64 00 82 01 00 00 00 02 01 00 

*		Instruction type: 0x00
*		Code offset: 0x00004360
001C	60 43 00 00 

*
*	1 REFERENCE(S) TO 16-BIT VAR AT BYTE #2 OF DATA BLOCK %M101
0020	00 00 65 00 02 00 00 00 00 02 01 00 

*		Instruction type: 0x00
*		Code offset: 0x000044AC
002C	AC 44 00 00 

*
*	1 REFERENCE(S) TO 16-BIT VAR AT BYTE #0 OF DATA BLOCK %I1
0030	00 00 01 00 00 00 00 00 01 02 01 00 

*		Instruction type: 0x00
*		Code offset: 0x00004578
003C	78 45 00 00 

*
*	1 REFERENCE(S) TO 8-BIT VAR AT BYTE #0 OF DATA BLOCK %I0
0040	00 00 00 00 00 00 00 00 01 01 01 00 

*		Instruction type: 0x00
*		Code offset: 0x00004574
004C	74 45 00 00 

*
*	1 REFERENCE(S) TO 16-BIT VAR AT BYTE #2 OF DATA BLOCK %M110
0050	00 00 6E 00 02 00 00 00 00 02 01 00 

*		Instruction type: 0x00
*		Code offset: 0x000044B0
005C	B0 44 00 00 

*
*	1 REFERENCE(S) TO 16-BIT VAR AT BYTE #0 OF DATA BLOCK %M101
0060	00 00 65 00 00 00 00 00 00 02 01 00 

*		Instruction type: 0x00
*		Code offset: 0x000044A8
006C	A8 44 00 00 

*
*	1 REFERENCE(S) TO 8-BIT VAR AT BYTE #0 OF DATA BLOCK %M110
0070	00 00 6E 00 00 00 00 00 00 01 01 00 

*		Instruction type: 0x00
*		Code offset: 0x0000451C
007C	1C 45 00 00 

*
*	1 REFERENCE(S) TO 32-BIT VAR AT BYTE #0 OF DATA BLOCK %M0
0080	00 00 00 00 00 00 00 00 00 04 01 00 

*		Instruction type: 0x00
*		Code offset: 0x00004294
008C	94 42 00 00 

*
*	1 REFERENCE(S) TO 16-BIT VAR AT BYTE #4 OF DATA BLOCK %M101
0090	00 00 65 00 04 00 00 00 00 02 01 00 

*		Instruction type: 0x00
*		Code offset: 0x00004518
009C	18 45 00 00 

*
*	1 REFERENCE(S) TO 8-BIT VAR AT BYTE #4 OF DATA BLOCK %M110
00A0	00 00 6E 00 04 00 00 00 00 01 01 00 

*		Instruction type: 0x00
*		Code offset: 0x000044B4
00AC	B4 44 00 00 


***************************************************
	 FUNCTION PATCHES
***************************************************

NAME: sysDBase_SetExtTable  - NUM: 1
	 Patch - TYPE: 0x0 - CODE OFFSET: 0x000043E0
