***********************************************************************
*
*	DYNAMIC LINK AND INDIRECT ALLOCATION LISTING FOR: M172-PLC
*
***********************************************************************


***************************************************
	 FIRST CODE AREA
***************************************************

***************************************************
	 DATABLOCK PATCHES
***************************************************
*
* List of data blocks that will be checked run-time for consistency with
* their definition available at compile-time
*
*
*	REQUIREMENTS for DATA BLOCK %M100
*		Process image: 0
*		Number of elements: 416
*		Data size (bytes): 2
0000	00 00 64 00 A0 01 00 00 02 00 00 00 

*
*	REQUIREMENTS for DATA BLOCK %M110
*		Process image: 0
*		Number of elements: 5000
*		Data size (bytes): 2
000C	00 00 6E 00 88 13 00 00 02 00 00 00 

*
* List of all references to data allocated on data blocks
* along with the whole information required by the run-time linker
*
*
*	1 REFERENCE(S) TO 16-BIT VAR AT BYTE #386 OF DATA BLOCK %M100
0000	00 00 64 00 82 01 00 00 00 02 01 00 

*		Instruction type: 0x00
*		Code offset: 0x00004350
000C	50 43 00 00 

*
*	1 REFERENCE(S) TO 16-BIT VAR AT BYTE #2 OF DATA BLOCK %M110
0010	00 00 6E 00 02 00 00 00 00 02 01 00 

*		Instruction type: 0x00
*		Code offset: 0x000042C0
001C	C0 42 00 00 

*
*	1 REFERENCE(S) TO 16-BIT VAR AT BYTE #6 OF DATA BLOCK %M110
0020	00 00 6E 00 06 00 00 00 00 02 01 00 

*		Instruction type: 0x00
*		Code offset: 0x000042C4
002C	C4 42 00 00 

*
*	1 REFERENCE(S) TO 16-BIT VAR AT BYTE #0 OF DATA BLOCK %M110
0030	00 00 6E 00 00 00 00 00 00 02 01 00 

*		Instruction type: 0x00
*		Code offset: 0x000042BC
003C	BC 42 00 00 


***************************************************
	 FUNCTION PATCHES
***************************************************

NAME: sysDBase_SetExtTable  - NUM: 1
	 Patch - TYPE: 0x0 - CODE OFFSET: 0x000043D0
